c:\users\azmifauzan\source\repos\lenktpelkioslib\lenktpelkioslib\debug\lenktpelkioslib.pch
c:\users\azmifauzan\source\repos\lenktpelkioslib\lenktpelkioslib\debug\vc141.pdb
c:\users\azmifauzan\source\repos\lenktpelkioslib\lenktpelkioslib\debug\vc141.idb
c:\users\azmifauzan\source\repos\lenktpelkioslib\lenktpelkioslib\debug\stdafx.obj
c:\users\azmifauzan\source\repos\lenktpelkioslib\lenktpelkioslib\debug\dllmain.obj
c:\users\azmifauzan\source\repos\lenktpelkioslib\lenktpelkioslib\debug\lenktpelkioslib.obj
c:\users\azmifauzan\source\repos\lenktpelkioslib\debug\lenktpelkioslib.lib
c:\users\azmifauzan\source\repos\lenktpelkioslib\debug\lenktpelkioslib.exp
c:\users\azmifauzan\source\repos\lenktpelkioslib\debug\lenktpelkioslib.ilk
c:\users\azmifauzan\source\repos\lenktpelkioslib\debug\lenktpelkioslib.dll
c:\users\azmifauzan\source\repos\lenktpelkioslib\debug\lenktpelkioslib.pdb
c:\users\azmifauzan\source\repos\lenktpelkioslib\lenktpelkioslib\debug\resource.res
c:\users\azmifauzan\source\repos\lenktpelkioslib\lenktpelkioslib\debug\lenktpelkioslib.tlog\cl.command.1.tlog
c:\users\azmifauzan\source\repos\lenktpelkioslib\lenktpelkioslib\debug\lenktpelkioslib.tlog\cl.read.1.tlog
c:\users\azmifauzan\source\repos\lenktpelkioslib\lenktpelkioslib\debug\lenktpelkioslib.tlog\cl.write.1.tlog
c:\users\azmifauzan\source\repos\lenktpelkioslib\lenktpelkioslib\debug\lenktpelkioslib.tlog\lenktpelkioslib.write.1u.tlog
c:\users\azmifauzan\source\repos\lenktpelkioslib\lenktpelkioslib\debug\lenktpelkioslib.tlog\link.command.1.tlog
c:\users\azmifauzan\source\repos\lenktpelkioslib\lenktpelkioslib\debug\lenktpelkioslib.tlog\link.read.1.tlog
c:\users\azmifauzan\source\repos\lenktpelkioslib\lenktpelkioslib\debug\lenktpelkioslib.tlog\link.write.1.tlog
c:\users\azmifauzan\source\repos\lenktpelkioslib\lenktpelkioslib\debug\lenktpelkioslib.tlog\rc.command.1.tlog
c:\users\azmifauzan\source\repos\lenktpelkioslib\lenktpelkioslib\debug\lenktpelkioslib.tlog\rc.read.1.tlog
c:\users\azmifauzan\source\repos\lenktpelkioslib\lenktpelkioslib\debug\lenktpelkioslib.tlog\rc.write.1.tlog
