c:\users\azmifauzan\source\repos\lenktpelkioslib\lenktpelkioslib\debug\lenktpelkioslibusb.pch
c:\users\azmifauzan\source\repos\lenktpelkioslib\lenktpelkioslib\debug\vc141.pdb
c:\users\azmifauzan\source\repos\lenktpelkioslib\lenktpelkioslib\debug\vc141.idb
c:\users\azmifauzan\source\repos\lenktpelkioslib\lenktpelkioslib\debug\stdafx.obj
c:\users\azmifauzan\source\repos\lenktpelkioslib\lenktpelkioslib\debug\dllmain.obj
c:\users\azmifauzan\source\repos\lenktpelkioslib\lenktpelkioslib\debug\lenktpelkioslib.obj
c:\users\azmifauzan\source\repos\lenktpelkioslib\debug\lenktpelkioslibusb.lib
c:\users\azmifauzan\source\repos\lenktpelkioslib\debug\lenktpelkioslibusb.exp
c:\users\azmifauzan\source\repos\lenktpelkioslib\debug\lenktpelkioslibusb.ilk
c:\users\azmifauzan\source\repos\lenktpelkioslib\debug\lenktpelkioslibusb.dll
c:\users\azmifauzan\source\repos\lenktpelkioslib\debug\lenktpelkioslibusb.pdb
c:\users\azmifauzan\source\repos\lenktpelkioslib\lenktpelkioslib\debug\resource.res
c:\users\azmifauzan\source\repos\lenktpelkioslib\lenktpelkioslib\debug\lenktpel.7ec24ae5.tlog\cl.command.1.tlog
c:\users\azmifauzan\source\repos\lenktpelkioslib\lenktpelkioslib\debug\lenktpel.7ec24ae5.tlog\cl.read.1.tlog
c:\users\azmifauzan\source\repos\lenktpelkioslib\lenktpelkioslib\debug\lenktpel.7ec24ae5.tlog\cl.write.1.tlog
c:\users\azmifauzan\source\repos\lenktpelkioslib\lenktpelkioslib\debug\lenktpel.7ec24ae5.tlog\lenktpelkioslibusb.write.1u.tlog
c:\users\azmifauzan\source\repos\lenktpelkioslib\lenktpelkioslib\debug\lenktpel.7ec24ae5.tlog\link.command.1.tlog
c:\users\azmifauzan\source\repos\lenktpelkioslib\lenktpelkioslib\debug\lenktpel.7ec24ae5.tlog\link.read.1.tlog
c:\users\azmifauzan\source\repos\lenktpelkioslib\lenktpelkioslib\debug\lenktpel.7ec24ae5.tlog\link.write.1.tlog
c:\users\azmifauzan\source\repos\lenktpelkioslib\lenktpelkioslib\debug\lenktpel.7ec24ae5.tlog\rc.command.1.tlog
c:\users\azmifauzan\source\repos\lenktpelkioslib\lenktpelkioslib\debug\lenktpel.7ec24ae5.tlog\rc.read.1.tlog
c:\users\azmifauzan\source\repos\lenktpelkioslib\lenktpelkioslib\debug\lenktpel.7ec24ae5.tlog\rc.write.1.tlog
